<?xml version="1.0" encoding="UTF-8"?>
<!-- Generated by org.testng.reporters.JUnitReportReporter -->
<testsuite skipped="0" hostname="AR1259899W1" name="examenTecnicoTest.TestSearch" tests="1" failures="0" timestamp="2020-06-17T11:24:55 ART" time="6.786" errors="0">
  <testcase name="SearchingProduct" time="6.786" classname="examenTecnicoTest.TestSearch"/>
  <system-out/>
</testsuite> <!-- examenTecnicoTest.TestSearch -->
